19:05:25 **** Rebuild of configuration Debug for project Arcade Drive ****
Info: Internal Builder is used for build
arm-frc-linux-gnueabi-g++ -std=c++1y -I/Users/mwilke16/wpilib/cpp/current/include "-I/Users/mwilke16/Desktop/Recycle-Rush-Robot-Code/Arcade Drive/src" -O0 -g3 -Wall -c -fmessage-length=0 -o src/Robot.o ../src/Robot.cpp 
arm-frc-linux-gnueabi-g++ -L/Users/mwilke16/wpilib/cpp/current/lib -Wl,-rpath,/opt/GenICam_v2_3/bin/Linux_armv7-a -o FRCUserProgram src/Robot.o -lwpi 
/usr/lib/gcc/arm-frc-linux-gnueabi/4.9.1/../../../../arm-frc-linux-gnueabi/bin/ld: warning: libstdc++.so.6, needed by /Users/mwilke16/wpilib/cpp/current/lib/libFRC_NetworkCommunication.so.1.5.0, may conflict with libstdc++.so.6.0.20
19:05:28 **** Rebuild of configuration Debug for project OmniDrive ****
Info: Internal Builder is used for build
arm-frc-linux-gnueabi-g++ -std=c++1y -I/Users/mwilke16/wpilib/cpp/current/include -I/Users/mwilke16/Desktop/Recycle-Rush-Robot-Code/OmniDrive/src -O0 -g3 -Wall -c -fmessage-length=0 -o src/Robot.o ../src/Robot.cpp 
arm-frc-linux-gnueabi-g++ -L/Users/mwilke16/wpilib/cpp/current/lib -Wl,-rpath,/opt/GenICam_v2_3/bin/Linux_armv7-a -o FRCUserProgram src/Robot.o -lwpi 
/usr/lib/gcc/arm-frc-linux-gnueabi/4.9.1/../../../../arm-frc-linux-gnueabi/bin/ld: warning: libstdc++.so.6, needed by /Users/mwilke16/wpilib/cpp/current/lib/libFRC_NetworkCommunication.so.1.5.0, may conflict with libstdc++.so.6.0.20
19:06:30 **** Rebuild of configuration Debug for project HIII ****
Info: Internal Builder is used for build
arm-frc-linux-gnueabi-g++ -std=c++1y -I/Users/mwilke16/wpilib/cpp/current/include -I/Users/mwilke16/Desktop/Recycle-Rush-Robot-Code/HIII/src -O0 -g3 -Wall -c -fmessage-length=0 -o src/Robot.o ../src/Robot.cpp 
arm-frc-linux-gnueabi-g++ -L/Users/mwilke16/wpilib/cpp/current/lib -Wl,-rpath,/opt/GenICam_v2_3/bin/Linux_armv7-a -o FRCUserProgram src/Robot.o -lwpi 
/usr/lib/gcc/arm-frc-linux-gnueabi/4.9.1/../../../../arm-frc-linux-gnueabi/bin/ld: warning: libstdc++.so.6, needed by /Users/mwilke16/wpilib/cpp/current/lib/libFRC_NetworkCommunication.so.1.5.0, may conflict with libstdc++.so.6.0.20
Info: Nothing to build for Arcade Drive
19:06:48 **** Rebuild of configuration Debug for project HIII ****
Info: Internal Builder is used for build
arm-frc-linux-gnueabi-g++ -std=c++1y -I/Users/mwilke16/wpilib/cpp/current/include -I/Users/mwilke16/Desktop/Recycle-Rush-Robot-Code/HIII/src -O0 -g3 -Wall -c -fmessage-length=0 -o src/Robot.o ../src/Robot.cpp 
arm-frc-linux-gnueabi-g++ -L/Users/mwilke16/wpilib/cpp/current/lib -Wl,-rpath,/opt/GenICam_v2_3/bin/Linux_armv7-a -o FRCUserProgram src/Robot.o -lwpi 
/usr/lib/gcc/arm-frc-linux-gnueabi/4.9.1/../../../../arm-frc-linux-gnueabi/bin/ld: warning: libstdc++.so.6, needed by /Users/mwilke16/wpilib/cpp/current/lib/libFRC_NetworkCommunication.so.1.5.0, may conflict with libstdc++.so.6.0.20
Info: Nothing to build for OmniDrive
Info: Nothing to build for Arcade Drive
Info: Nothing to build for HIII
Info: Nothing to build for OmniDrive
Info: Nothing to build for Arcade Drive
Info: Nothing to build for HIII
Info: Nothing to build for OmniDrive
Info: Nothing to build for HIII
